<?xml version="1.0" encoding="UTF-8"?>
<!-- Generated by org.testng.reporters.JUnitReportReporter -->
<testsuite hostname="Aspire" name="net.intentmedia.internal.pizzaintent.tests.TestOrderPizza" tests="3" failures="0" timestamp="19 Feb 2015 05:11:31 GMT" time="133.373" errors="0">
  <testcase name="runtest" time="54.275" classname="net.intentmedia.internal.pizzaintent.tests.TestOrderPizza"/>
  <testcase name="runtest" time="36.677" classname="net.intentmedia.internal.pizzaintent.tests.TestOrderPizza"/>
  <testcase name="runtest" time="42.421" classname="net.intentmedia.internal.pizzaintent.tests.TestOrderPizza"/>
</testsuite> <!-- net.intentmedia.internal.pizzaintent.tests.TestOrderPizza -->
