<?xml version="1.0" encoding="UTF-8"?>
<!-- Generated by org.testng.reporters.JUnitReportReporter -->
<testsuite hostname="Aspire" name="net.intentmedia.internal.pizzaintent.tests.TestOrderPizza" tests="6" failures="0" timestamp="19 Feb 2015 17:13:21 GMT" time="70.623" errors="0">
  <testcase name="LoginTest" time="9.492" classname="net.intentmedia.internal.pizzaintent.tests.TestOrderPizza"/>
  <testcase name="AccountPageTest" time="13.597" classname="net.intentmedia.internal.pizzaintent.tests.TestOrderPizza"/>
  <testcase name="LoginTest" time="9.380" classname="net.intentmedia.internal.pizzaintent.tests.TestOrderPizza"/>
  <testcase name="LoginTest" time="17.300" classname="net.intentmedia.internal.pizzaintent.tests.TestOrderPizza"/>
  <testcase name="AccountPageTest" time="10.236" classname="net.intentmedia.internal.pizzaintent.tests.TestOrderPizza"/>
  <testcase name="AccountPageTest" time="10.618" classname="net.intentmedia.internal.pizzaintent.tests.TestOrderPizza"/>
</testsuite> <!-- net.intentmedia.internal.pizzaintent.tests.TestOrderPizza -->
