<?xml version="1.0" encoding="UTF-8"?>
<!-- Generated by org.testng.reporters.JUnitReportReporter -->
<testsuite hostname="Aspire" name="net.intentmedia.internal.pizzaintent.tests.TestOrderPizza" tests="3" failures="0" timestamp="19 Feb 2015 15:19:15 GMT" time="44.043" errors="0">
  <testcase name="LoginTest" time="17.284" classname="net.intentmedia.internal.pizzaintent.tests.TestOrderPizza"/>
  <testcase name="LoginTest" time="13.753" classname="net.intentmedia.internal.pizzaintent.tests.TestOrderPizza"/>
  <testcase name="LoginTest" time="13.006" classname="net.intentmedia.internal.pizzaintent.tests.TestOrderPizza"/>
</testsuite> <!-- net.intentmedia.internal.pizzaintent.tests.TestOrderPizza -->
