<?xml version="1.0" encoding="UTF-8"?>
<!-- Generated by org.testng.reporters.JUnitReportReporter -->
<testsuite hostname="Aspire" name="net.intentmedia.internal.pizzaintent.tests.TestOrderPizza" tests="9" failures="0" timestamp="19 Feb 2015 18:03:12 GMT" time="115.343" errors="0">
  <testcase name="LoginTest" time="15.745" classname="net.intentmedia.internal.pizzaintent.tests.TestOrderPizza"/>
  <testcase name="LoginTest" time="11.040" classname="net.intentmedia.internal.pizzaintent.tests.TestOrderPizza"/>
  <testcase name="NewPizzaOrderTest" time="14.182" classname="net.intentmedia.internal.pizzaintent.tests.TestOrderPizza"/>
  <testcase name="AccountPageClickToOrderPizzaTest" time="11.880" classname="net.intentmedia.internal.pizzaintent.tests.TestOrderPizza"/>
  <testcase name="NewPizzaOrderTest" time="15.067" classname="net.intentmedia.internal.pizzaintent.tests.TestOrderPizza"/>
  <testcase name="LoginTest" time="9.725" classname="net.intentmedia.internal.pizzaintent.tests.TestOrderPizza"/>
  <testcase name="AccountPageClickToOrderPizzaTest" time="16.648" classname="net.intentmedia.internal.pizzaintent.tests.TestOrderPizza"/>
  <testcase name="NewPizzaOrderTest" time="12.164" classname="net.intentmedia.internal.pizzaintent.tests.TestOrderPizza"/>
  <testcase name="AccountPageClickToOrderPizzaTest" time="8.892" classname="net.intentmedia.internal.pizzaintent.tests.TestOrderPizza"/>
</testsuite> <!-- net.intentmedia.internal.pizzaintent.tests.TestOrderPizza -->
