<?xml version="1.0" encoding="UTF-8"?>
<!-- Generated by org.testng.reporters.JUnitReportReporter -->
<testsuite hostname="Aspire" name="net.intentmedia.internal.pizzaintent.tests.TestOrderPizza" tests="9" failures="0" timestamp="19 Feb 2015 17:52:56 GMT" time="117.085" errors="0">
  <testcase name="NewPizzaOrderTest" time="14.242" classname="net.intentmedia.internal.pizzaintent.tests.TestOrderPizza"/>
  <testcase name="NewPizzaOrderTest" time="11.737" classname="net.intentmedia.internal.pizzaintent.tests.TestOrderPizza"/>
  <testcase name="LoginTest" time="16.690" classname="net.intentmedia.internal.pizzaintent.tests.TestOrderPizza"/>
  <testcase name="AccountPageClickToOrderPizzaTest" time="9.777" classname="net.intentmedia.internal.pizzaintent.tests.TestOrderPizza"/>
  <testcase name="AccountPageClickToOrderPizzaTest" time="10.352" classname="net.intentmedia.internal.pizzaintent.tests.TestOrderPizza"/>
  <testcase name="NewPizzaOrderTest" time="16.237" classname="net.intentmedia.internal.pizzaintent.tests.TestOrderPizza"/>
  <testcase name="AccountPageClickToOrderPizzaTest" time="16.597" classname="net.intentmedia.internal.pizzaintent.tests.TestOrderPizza"/>
  <testcase name="LoginTest" time="10.266" classname="net.intentmedia.internal.pizzaintent.tests.TestOrderPizza"/>
  <testcase name="LoginTest" time="11.187" classname="net.intentmedia.internal.pizzaintent.tests.TestOrderPizza"/>
</testsuite> <!-- net.intentmedia.internal.pizzaintent.tests.TestOrderPizza -->
